
[2026-02-27 20:40:56] 手动/单次运行 main.py 启动
[2026-02-27 20:43:27] 采集统计: 源站点24 潜在消息156 过滤无效1 去重过滤136 入库候选19
[2026-02-27 20:45:43] 分析完成: 文章2 事件2
[2026-02-27 20:45:55] 推送统计: 窗口2月27日晚报 原始记录0 过滤后0 推送0
[2026-02-27 21:05:17] 手动/单次运行 main.py 启动
[2026-02-27 21:11:02] 采集统计: 源站点24 潜在消息72 过滤无效72 去重过滤0 入库候选0
[2026-02-27 21:11:02] 审核清单生成: 20260227_211102.md
[2026-02-27 21:11:02] 采集完成: 无新文章入库
[2026-02-27 23:31:50] 手动/单次运行 main.py 启动
[2026-02-27 23:34:36] 采集统计: 源站点24 潜在消息149 过滤无效1 去重过滤0 入库候选148
[2026-02-27 23:54:42] 手动/单次运行 main.py 启动
[2026-02-27 23:57:41] 采集统计: 源站点24 潜在消息155 过滤无效1 去重过滤0 入库候选154
[2026-02-27 23:58:51] 推送统计: 窗口2月27日晚报 原始记录0 过滤后0 推送0
[2026-02-28 00:02:29] 审核清单生成: 20260228_000229.md
[2026-02-28 00:02:29] 分析完成: 文章104 事件160
[2026-02-28 00:04:22] 推送统计: 窗口2月28日早报 原始记录44 过滤后19 推送12
[2026-02-28 00:09:11] 推送统计: 窗口2月28日早报 原始记录44 过滤后19 推送12
[2026-02-28 09:57:00] 手动/单次运行 main.py 启动
[2026-02-28 10:10:43] 启动船舶追踪任务...
[2026-02-28 10:10:45] 船舶追踪任务完成，分析更新了 74 艘船舶状态
[2026-02-28 10:11:45] 启动船舶追踪任务...
[2026-02-28 10:11:46] 船舶追踪任务完成，分析更新了 0 艘船舶状态
[2026-02-28 10:12:46] 启动船舶追踪任务...
[2026-02-28 10:12:47] 船舶追踪任务完成，分析更新了 1 艘船舶状态
[2026-02-28 10:13:47] 启动船舶追踪任务...
[2026-02-28 10:13:48] 船舶追踪任务完成，分析更新了 0 艘船舶状态
[2026-02-28 10:14:48] 启动船舶追踪任务...
[2026-02-28 10:14:49] 船舶追踪任务完成，分析更新了 0 艘船舶状态
[2026-02-28 10:15:49] 启动船舶追踪任务...
[2026-02-28 10:15:51] 船舶追踪任务完成，分析更新了 0 艘船舶状态
[2026-02-28 10:16:51] 启动船舶追踪任务...
[2026-02-28 10:16:52] 船舶追踪任务完成，分析更新了 0 艘船舶状态
[2026-02-28 10:17:52] 启动船舶追踪任务...
[2026-02-28 10:17:53] 船舶追踪任务完成，分析更新了 0 艘船舶状态
[2026-02-28 10:18:53] 启动船舶追踪任务...
[2026-02-28 10:18:54] 船舶追踪任务完成，分析更新了 0 艘船舶状态
[2026-02-28 10:19:54] 启动船舶追踪任务...
[2026-02-28 10:19:55] 船舶追踪任务完成，分析更新了 0 艘船舶状态
[2026-02-28 10:20:55] 启动船舶追踪任务...
[2026-02-28 10:20:56] 船舶追踪任务完成，分析更新了 0 艘船舶状态
[2026-02-28 10:21:56] 启动船舶追踪任务...
[2026-02-28 10:21:58] 船舶追踪任务完成，分析更新了 0 艘船舶状态
[2026-02-28 10:22:58] 启动船舶追踪任务...
[2026-02-28 10:22:59] 船舶追踪任务完成，分析更新了 0 艘船舶状态
[2026-02-28 10:23:59] 启动船舶追踪任务...
[2026-02-28 10:24:00] 船舶追踪任务完成，分析更新了 1 艘船舶状态
[2026-02-28 10:25:00] 启动船舶追踪任务...
[2026-02-28 10:25:01] 船舶追踪任务完成，分析更新了 0 艘船舶状态
[2026-02-28 10:26:01] 启动船舶追踪任务...
[2026-02-28 10:26:02] 船舶追踪任务完成，分析更新了 0 艘船舶状态
[2026-02-28 10:27:02] 启动船舶追踪任务...
[2026-02-28 10:27:04] 船舶追踪任务完成，分析更新了 0 艘船舶状态
[2026-02-28 10:28:04] 启动船舶追踪任务...
[2026-02-28 10:28:05] 船舶追踪任务完成，分析更新了 0 艘船舶状态
[2026-02-28 10:29:05] 启动船舶追踪任务...
[2026-02-28 10:29:06] 船舶追踪任务完成，分析更新了 1 艘船舶状态
[2026-02-28 10:30:06] 启动船舶追踪任务...
[2026-02-28 10:30:07] 船舶追踪任务完成，分析更新了 0 艘船舶状态
[2026-02-28 10:31:07] 启动船舶追踪任务...
[2026-02-28 10:31:08] 船舶追踪任务完成，分析更新了 1 艘船舶状态
[2026-02-28 10:31:41] 手动/单次运行 main.py 启动
[2026-02-28 10:32:08] 启动船舶追踪任务...
[2026-02-28 10:32:09] 船舶追踪任务完成，分析更新了 4 艘船舶状态
[2026-02-28 10:33:09] 启动船舶追踪任务...
[2026-02-28 10:33:11] 船舶追踪任务完成，分析更新了 0 艘船舶状态
[2026-02-28 10:34:11] 启动船舶追踪任务...
[2026-02-28 10:34:12] 船舶追踪任务完成，分析更新了 0 艘船舶状态
[2026-02-28 10:35:12] 启动船舶追踪任务...
[2026-02-28 10:35:13] 船舶追踪任务完成，分析更新了 0 艘船舶状态
[2026-02-28 10:36:13] 启动船舶追踪任务...
[2026-02-28 10:36:14] 船舶追踪任务完成，分析更新了 0 艘船舶状态
[2026-02-28 10:37:14] 启动船舶追踪任务...
[2026-02-28 10:37:15] 船舶追踪任务完成，分析更新了 0 艘船舶状态
[2026-02-28 10:38:15] 启动船舶追踪任务...
[2026-02-28 10:38:16] 船舶追踪任务完成，分析更新了 0 艘船舶状态
[2026-02-28 10:39:12] 采集统计: 源站点24 潜在消息124 过滤无效1 去重过滤0 入库候选123
[2026-02-28 10:39:16] 启动船舶追踪任务...
[2026-02-28 10:39:18] 船舶追踪任务完成，分析更新了 0 艘船舶状态
[2026-02-28 10:40:18] 启动船舶追踪任务...
[2026-02-28 10:40:19] 船舶追踪任务完成，分析更新了 0 艘船舶状态
[2026-02-28 10:41:19] 启动船舶追踪任务...
[2026-02-28 10:41:20] 船舶追踪任务完成，分析更新了 0 艘船舶状态
[2026-02-28 10:42:20] 启动船舶追踪任务...
[2026-02-28 10:42:21] 船舶追踪任务完成，分析更新了 0 艘船舶状态
[2026-02-28 10:43:21] 启动船舶追踪任务...
[2026-02-28 10:43:22] 船舶追踪任务完成，分析更新了 0 艘船舶状态
[2026-02-28 10:44:22] 启动船舶追踪任务...
[2026-02-28 10:44:23] 船舶追踪任务完成，分析更新了 0 艘船舶状态
[2026-02-28 10:45:23] 启动船舶追踪任务...
[2026-02-28 10:45:24] 船舶追踪任务完成，分析更新了 0 艘船舶状态
[2026-02-28 10:46:24] 启动船舶追踪任务...
[2026-02-28 10:46:26] 船舶追踪任务完成，分析更新了 0 艘船舶状态
[2026-02-28 10:47:26] 启动船舶追踪任务...
[2026-02-28 10:47:26] 船舶追踪任务完成，分析更新了 0 艘船舶状态
[2026-02-28 10:48:26] 启动船舶追踪任务...
[2026-02-28 10:48:28] 船舶追踪任务完成，分析更新了 0 艘船舶状态
[2026-02-28 10:49:28] 启动船舶追踪任务...
[2026-02-28 10:49:29] 船舶追踪任务完成，分析更新了 0 艘船舶状态
[2026-02-28 10:50:29] 启动船舶追踪任务...
[2026-02-28 10:50:30] 船舶追踪任务完成，分析更新了 0 艘船舶状态
[2026-02-28 10:51:30] 启动船舶追踪任务...
[2026-02-28 10:51:31] 船舶追踪任务完成，分析更新了 0 艘船舶状态
[2026-02-28 10:52:31] 启动船舶追踪任务...
[2026-02-28 10:52:32] 船舶追踪任务完成，分析更新了 0 艘船舶状态
[2026-02-28 10:53:32] 启动船舶追踪任务...
[2026-02-28 10:53:33] 船舶追踪任务完成，分析更新了 0 艘船舶状态
[2026-02-28 10:54:33] 启动船舶追踪任务...
[2026-02-28 10:54:35] 船舶追踪任务完成，分析更新了 0 艘船舶状态
[2026-02-28 10:55:35] 启动船舶追踪任务...
[2026-02-28 10:55:35] 船舶追踪任务完成，分析更新了 0 艘船舶状态
[2026-02-28 10:56:35] 启动船舶追踪任务...
[2026-02-28 10:56:37] 船舶追踪任务完成，分析更新了 1 艘船舶状态
[2026-02-28 10:57:37] 启动船舶追踪任务...
[2026-02-28 10:57:38] 船舶追踪任务完成，分析更新了 0 艘船舶状态
[2026-02-28 10:58:38] 启动船舶追踪任务...
[2026-02-28 10:58:39] 船舶追踪任务完成，分析更新了 0 艘船舶状态
[2026-02-28 10:59:39] 启动船舶追踪任务...
[2026-02-28 10:59:40] 船舶追踪任务完成，分析更新了 0 艘船舶状态
[2026-02-28 11:00:40] 启动船舶追踪任务...
[2026-02-28 11:00:42] 船舶追踪任务完成，分析更新了 0 艘船舶状态
[2026-02-28 11:01:42] 启动船舶追踪任务...
[2026-02-28 11:01:43] 船舶追踪任务完成，分析更新了 0 艘船舶状态
[2026-02-28 11:02:43] 启动船舶追踪任务...
[2026-02-28 11:02:44] 船舶追踪任务完成，分析更新了 0 艘船舶状态
[2026-02-28 11:03:34] 审核清单生成: 20260228_110334.md
[2026-02-28 11:03:34] 分析完成: 文章89 事件190
[2026-02-28 11:03:44] 启动船舶追踪任务...
[2026-02-28 11:03:45] 船舶追踪任务完成，分析更新了 0 艘船舶状态
[2026-02-28 11:04:45] 启动船舶追踪任务...
[2026-02-28 11:04:46] 船舶追踪任务完成，分析更新了 0 艘船舶状态
[2026-02-28 11:05:46] 启动船舶追踪任务...
[2026-02-28 11:05:47] 船舶追踪任务完成，分析更新了 0 艘船舶状态
[2026-02-28 11:06:47] 启动船舶追踪任务...
[2026-02-28 11:06:48] 船舶追踪任务完成，分析更新了 0 艘船舶状态
[2026-02-28 11:07:48] 启动船舶追踪任务...
[2026-02-28 11:07:49] 船舶追踪任务完成，分析更新了 0 艘船舶状态
[2026-02-28 11:08:49] 启动船舶追踪任务...
[2026-02-28 11:08:50] 船舶追踪任务完成，分析更新了 1 艘船舶状态
[2026-02-28 11:09:50] 启动船舶追踪任务...
[2026-02-28 11:09:51] 船舶追踪任务完成，分析更新了 0 艘船舶状态
[2026-02-28 11:10:51] 启动船舶追踪任务...
[2026-02-28 11:10:53] 船舶追踪任务完成，分析更新了 0 艘船舶状态
[2026-02-28 11:11:53] 启动船舶追踪任务...
[2026-02-28 11:11:54] 船舶追踪任务完成，分析更新了 0 艘船舶状态
[2026-02-28 11:12:54] 启动船舶追踪任务...
[2026-02-28 11:12:55] 船舶追踪任务完成，分析更新了 0 艘船舶状态
[2026-02-28 11:13:55] 启动船舶追踪任务...
[2026-02-28 11:13:55] 船舶追踪任务完成，分析更新了 0 艘船舶状态
[2026-02-28 11:14:55] 启动船舶追踪任务...
[2026-02-28 11:14:57] 船舶追踪任务完成，分析更新了 0 艘船舶状态
[2026-02-28 11:15:57] 启动船舶追踪任务...
[2026-02-28 11:15:58] 船舶追踪任务完成，分析更新了 0 艘船舶状态
[2026-02-28 11:16:58] 启动船舶追踪任务...
[2026-02-28 11:16:59] 船舶追踪任务完成，分析更新了 0 艘船舶状态
[2026-02-28 11:17:59] 启动船舶追踪任务...
[2026-02-28 11:18:00] 船舶追踪任务完成，分析更新了 0 艘船舶状态
[2026-02-28 11:19:00] 启动船舶追踪任务...
[2026-02-28 11:19:02] 船舶追踪任务完成，分析更新了 1 艘船舶状态
[2026-02-28 11:20:02] 启动船舶追踪任务...
[2026-02-28 11:20:03] 船舶追踪任务完成，分析更新了 0 艘船舶状态
[2026-02-28 11:21:03] 启动船舶追踪任务...
[2026-02-28 11:21:04] 船舶追踪任务完成，分析更新了 0 艘船舶状态
[2026-02-28 11:22:04] 启动船舶追踪任务...
[2026-02-28 11:22:05] 船舶追踪任务完成，分析更新了 0 艘船舶状态
[2026-02-28 11:23:05] 启动船舶追踪任务...
[2026-02-28 11:23:06] 船舶追踪任务完成，分析更新了 0 艘船舶状态
[2026-02-28 11:24:06] 启动船舶追踪任务...
[2026-02-28 11:24:07] 船舶追踪任务完成，分析更新了 0 艘船舶状态
[2026-02-28 11:25:07] 启动船舶追踪任务...
[2026-02-28 11:25:08] 船舶追踪任务完成，分析更新了 0 艘船舶状态
[2026-02-28 11:26:08] 启动船舶追踪任务...
[2026-02-28 11:26:09] 船舶追踪任务完成，分析更新了 0 艘船舶状态
[2026-02-28 11:27:09] 启动船舶追踪任务...
[2026-02-28 11:27:10] 船舶追踪任务完成，分析更新了 0 艘船舶状态
[2026-02-28 11:28:10] 启动船舶追踪任务...
[2026-02-28 11:28:11] 船舶追踪任务完成，分析更新了 0 艘船舶状态
[2026-02-28 11:29:11] 启动船舶追踪任务...
[2026-02-28 11:29:12] 船舶追踪任务完成，分析更新了 1 艘船舶状态
[2026-02-28 11:30:12] 启动船舶追踪任务...
[2026-02-28 11:30:13] 船舶追踪任务完成，分析更新了 0 艘船舶状态
[2026-02-28 11:31:13] 启动船舶追踪任务...
[2026-02-28 11:31:15] 船舶追踪任务完成，分析更新了 1 艘船舶状态
[2026-02-28 11:32:15] 启动船舶追踪任务...
[2026-02-28 11:32:16] 船舶追踪任务完成，分析更新了 0 艘船舶状态
[2026-02-28 11:33:16] 启动船舶追踪任务...
[2026-02-28 11:33:17] 船舶追踪任务完成，分析更新了 1 艘船舶状态
[2026-02-28 11:34:17] 启动船舶追踪任务...
[2026-02-28 11:34:18] 船舶追踪任务完成，分析更新了 0 艘船舶状态
[2026-02-28 11:35:18] 启动船舶追踪任务...
[2026-02-28 11:35:19] 船舶追踪任务完成，分析更新了 0 艘船舶状态
[2026-02-28 11:36:19] 启动船舶追踪任务...
[2026-02-28 11:36:21] 船舶追踪任务完成，分析更新了 1 艘船舶状态
[2026-02-28 11:37:21] 启动船舶追踪任务...
[2026-02-28 11:37:23] 船舶追踪任务完成，分析更新了 0 艘船舶状态
[2026-02-28 11:38:23] 启动船舶追踪任务...
